<?xml version="1.0" encoding="UTF-8"?>
<testng-results ignored="0" total="1" passed="1" failed="0" skipped="0">
  <reporter-output>
  </reporter-output>
  <suite started-at="2023-11-30T16:18:59 IST" name="Suite1" finished-at="2023-11-30T16:18:59 IST" duration-ms="97">
    <groups>
    </groups>
    <test started-at="2023-11-30T16:18:59 IST" name="Nopackage" finished-at="2023-11-30T16:18:59 IST" duration-ms="97">
      <class name="com.stepDef.Employee">
        <test-method signature="firstMethod()[pri:0, instance:com.stepDef.Employee@4145bad8]" started-at="2023-11-30T16:18:59 IST" name="firstMethod" finished-at="2023-11-30T16:18:59 IST" duration-ms="14" status="PASS">
          <reporter-output>
          </reporter-output>
        </test-method> <!-- firstMethod -->
      </class> <!-- com.stepDef.Employee -->
    </test> <!-- Nopackage -->
  </suite> <!-- Suite1 -->
</testng-results>
